<?xml version="1.0" encoding="UTF-8"?>
<!-- Generated by org.testng.reporters.JUnitReportReporter -->
<testsuite skipped="19" hostname="LAPTOP-FEM2N9O3" name="com.yourloga.test.SmokeTest" tests="20" failures="0" timestamp="16 Jul 2020 21:15:39 GMT" time="29.913" errors="0">
  <testcase name="account2" time="29.913" classname="com.yourloga.test.SmokeTest"/>
  <testcase name="bads4" classname="com.yourloga.test.SmokeTest">
    <skipped/>
  </testcase> <!-- bads4 -->
  <testcase name="bads2" classname="com.yourloga.test.SmokeTest">
    <skipped/>
  </testcase> <!-- bads2 -->
  <testcase name="bads3" classname="com.yourloga.test.SmokeTest">
    <skipped/>
  </testcase> <!-- bads3 -->
  <testcase name="login" classname="com.yourloga.test.SmokeTest">
    <skipped/>
  </testcase> <!-- login -->
  <testcase name="top" classname="com.yourloga.test.SmokeTest">
    <skipped/>
  </testcase> <!-- top -->
  <testcase name="checkout" classname="com.yourloga.test.SmokeTest">
    <skipped/>
  </testcase> <!-- checkout -->
  <testcase name="open" classname="com.yourloga.test.SmokeTest">
    <skipped/>
  </testcase> <!-- open -->
  <testcase name="account" classname="com.yourloga.test.SmokeTest">
    <skipped/>
  </testcase> <!-- account -->
  <testcase name="create" classname="com.yourloga.test.SmokeTest">
    <skipped/>
  </testcase> <!-- create -->
  <testcase name="topads" classname="com.yourloga.test.SmokeTest">
    <skipped/>
  </testcase> <!-- topads -->
  <testcase name="ordercheckout" classname="com.yourloga.test.SmokeTest">
    <skipped/>
  </testcase> <!-- ordercheckout -->
  <testcase name="chechingcarts" classname="com.yourloga.test.SmokeTest">
    <skipped/>
  </testcase> <!-- chechingcarts -->
  <testcase name="bads" classname="com.yourloga.test.SmokeTest">
    <skipped/>
  </testcase> <!-- bads -->
  <testcase name="topads2" classname="com.yourloga.test.SmokeTest">
    <skipped/>
  </testcase> <!-- topads2 -->
  <testcase name="topads3" classname="com.yourloga.test.SmokeTest">
    <skipped/>
  </testcase> <!-- topads3 -->
  <testcase name="sundressorder" classname="com.yourloga.test.SmokeTest">
    <skipped/>
  </testcase> <!-- sundressorder -->
  <testcase name="searchdress" classname="com.yourloga.test.SmokeTest">
    <skipped/>
  </testcase> <!-- searchdress -->
  <testcase name="message" classname="com.yourloga.test.SmokeTest">
    <skipped/>
  </testcase> <!-- message -->
  <testcase name="informtions" classname="com.yourloga.test.SmokeTest">
    <skipped/>
  </testcase> <!-- informtions -->
</testsuite> <!-- com.yourloga.test.SmokeTest -->
